\BOOKMARK [0][]{title.0}{\376\377\000C\000o\000n\000t\000r\000o\000l\000\040\000a\000c\000t\000i\000f\000\040\000d\000e\000\040\000l\000a\000\040\000t\000u\000r\000b\000u\000l\000e\000n\000c\000e\000\040\000s\000u\000r\000\040\000u\000n\000\040\000m\000i\000c\000r\000o\000\040\000d\000r\000o\000n\000e\000\040\000c\000o\000n\000v\000e\000r\000t\000i\000b\000l\000e}{}% 1
\BOOKMARK [0][]{toc.0}{\376\377\000T\000a\000b\000l\000e\000\040\000d\000e\000s\000\040\000m\000a\000t\000i\000\350\000r\000e\000s}{}% 2
\BOOKMARK [0][]{chapter*.3}{\376\377\000L\000i\000s\000t\000e\000\040\000d\000e\000s\000\040\000f\000i\000g\000u\000r\000e\000s}{}% 3
\BOOKMARK [0][]{chapter*.4}{\376\377\000L\000i\000s\000t\000e\000\040\000d\000e\000s\000\040\000t\000a\000b\000l\000e\000a\000u\000x}{}% 4
\BOOKMARK [0][]{chapter*.5}{\376\377\000L\000i\000s\000t\000e\000\040\000d\000e\000s\000\040\000a\000l\000g\000o\000r\000i\000t\000h\000m\000e\000s}{}% 5
\BOOKMARK [0][]{chapter*.6}{\376\377\000L\000i\000s\000t\000e\000\040\000d\000e\000s\000\040\000a\000b\000r\000\351\000v\000i\000a\000t\000i\000o\000n\000s}{}% 6
\BOOKMARK [0][]{chapter*.7}{\376\377\000I\000n\000t\000r\000o\000d\000u\000c\000t\000i\000o\000n}{}% 7
\BOOKMARK [0][]{chapter.1}{\376\377\000G\000\351\000n\000\351\000r\000a\000l\000i\000t\000\351\000\040\000s\000u\000r\000\040\000l\000e\000s\000\040\000d\000r\000o\000n\000e\000s\000\040\000c\000o\000n\000v\000e\000r\000t\000i\000b\000l\000e}{}% 8
\BOOKMARK [1][]{section.1.1}{\376\377\000G\000e\000n}{chapter.1}% 9
\BOOKMARK [0][]{chapter.2}{\376\377\000O\000b\000j\000e\000c\000t\000i\000f\000s\000\040\000d\000e\000\040\000c\000o\000m\000m\000a\000n\000d\000e}{}% 10
\BOOKMARK [1][]{section.2.1}{\376\377\000s\000e\000c\000t\000i\000o\000n\0001}{chapter.2}% 11
\BOOKMARK [0][]{chapter.3}{\376\377\000M\000o\000d\000\351\000l\000i\000s\000a\000t\000i\000o\000n\000\040\000d\000'\000u\000n\000\040\000d\000r\000o\000n\000e\000\040\000c\000o\000n\000v\000e\000r\000t\000i\000b\000l\000e\000\040\000:\000\040\000D\000a\000r\000k\000O}{}% 12
\BOOKMARK [1][]{section.3.1}{\376\377\000M\000o\000d\000\350\000l\000e\000\040\000d\000u\000\040\000d\000r\000o\000n\000e\000\040\000D\000a\000r\000k\000O}{chapter.3}% 13
\BOOKMARK [2][]{subsection.3.1.1}{\376\377\000M\000o\000d\000\350\000l\000e\000\040\000n\000o\000n\000-\000l\000i\000n\000\351\000a\000i\000r\000e\000\040\000c\000o\000m\000p\000l\000e\000t}{section.3.1}% 14
\BOOKMARK [2][]{subsection.3.1.2}{\376\377\000M\000o\000d\000\350\000l\000e\000\040\000n\000o\000n\000\040\000l\000i\000n\000\351\000a\000i\000r\000e\000\040\000s\000i\000m\000p\000l\000i\000f\000i\000\351\000e\000\040\000\340\000\040\000b\000a\000s\000s\000e\000\040\000v\000i\000t\000e\000s\000s\000e}{section.3.1}% 15
\BOOKMARK [1][]{section.3.2}{\376\377\000I\000d\000e\000n\000t\000i\000f\000i\000c\000a\000t\000i\000o\000n\000\040\000d\000e\000s\000\040\000p\000a\000r\000a\000m\000\350\000t\000r\000e\000s\000\040\000d\000u\000\040\000m\000o\000d\000\350\000l\000e}{chapter.3}% 16
\BOOKMARK [2][]{subsection.3.2.1}{\376\377\000M\000o\000d\000\351\000l\000i\000s\000a\000t\000i\000o\000n\000\040\000d\000e\000s\000\040\000a\000c\000t\000i\000o\000n\000n\000e\000u\000r\000s}{section.3.2}% 17
\BOOKMARK [1][]{section.3.3}{\376\377\000\311\000q\000u\000i\000l\000i\000b\000r\000e\000s\000\040\000s\000t\000a\000t\000i\000o\000n\000n\000a\000i\000r\000e\000s}{chapter.3}% 18
\BOOKMARK [2][]{subsection.3.3.1}{\376\377\000\311\000q\000u\000i\000l\000i\000b\000r\000e\000\040\000s\000t\000a\000t\000i\000o\000n\000n\000a\000i\000r\000e\000\040\000s\000a\000n\000s\000\040\000v\000e\000n\000t}{section.3.3}% 19
\BOOKMARK [2][]{subsection.3.3.2}{\376\377\000\311\000q\000u\000i\000l\000i\000b\000r\000e\000\040\000s\000t\000a\000t\000i\000o\000n\000n\000a\000i\000r\000e\000\040\000e\000n\000\040\000p\000r\000\351\000s\000e\000n\000c\000e\000\040\000d\000e\000\040\000v\000e\000n\000t}{section.3.3}% 20
\BOOKMARK [1][]{section.3.4}{\376\377\000D\000y\000n\000a\000m\000i\000q\000u\000e\000s\000\040\000l\000i\000n\000\351\000a\000r\000i\000s\000\351\000s}{chapter.3}% 21
\BOOKMARK [2][]{subsection.3.4.1}{\376\377\000D\000y\000n\000a\000m\000i\000q\000u\000e\000\040\000l\000i\000n\000\351\000a\000r\000i\000s\000\351\000\040\000s\000a\000n\000s\000\040\000v\000e\000n\000t}{section.3.4}% 22
\BOOKMARK [2][]{subsection.3.4.2}{\376\377\000D\000y\000n\000a\000m\000i\000q\000u\000e\000\040\000l\000i\000n\000\351\000a\000r\000i\000s\000\351\000\040\000e\000n\000\040\000p\000r\000\351\000s\000e\000n\000c\000e\000\040\000d\000e\000\040\000v\000e\000n\000t}{section.3.4}% 23
\BOOKMARK [1][]{section.3.5}{\376\377\000C\000o\000n\000c\000l\000u\000s\000i\000o\000n\000\040\000d\000u\000\040\000C\000h\000a\000p\000i\000t\000r\000e\000\040\0003}{chapter.3}% 24
\BOOKMARK [0][]{chapter.4}{\376\377\000C\000o\000m\000m\000a\000n\000d\000e\000\040\000h\000y\000b\000r\000i\000d\000e}{}% 25
\BOOKMARK [1][]{section.4.1}{\376\377\000M\000o\000t\000i\000v\000a\000t\000i\000o\000n}{chapter.4}% 26
\BOOKMARK [1][]{section.4.2}{\376\377\000S\000c\000h\000\351\000m\000a\000\040\000d\000e\000\040\000c\000o\000m\000m\000a\000n\000d\000e\000\040\000h\000y\000b\000r\000i\000d\000e}{chapter.4}% 27
\BOOKMARK [1][]{section.4.3}{\376\377\000S\000i\000m\000u\000l\000a\000t\000i\000o\000n\000s}{chapter.4}% 28
\BOOKMARK [0][]{chapter.5}{\376\377\000\311\000t\000u\000d\000e\000\040\000l\000o\000n\000g\000i\000t\000u\000d\000i\000n\000a\000l\000e\000\040\000s\000u\000r\000\040\000u\000n\000e\000\040\000m\000a\000q\000u\000e\000t\000t\000e\000\040\000\340\000\040\000t\000r\000o\000i\000s\000\040\000d\000e\000g\000r\000\351\000s\000\040\000d\000e\000\040\000l\000i\000b\000e\000r\000t\000\351}{}% 29
\BOOKMARK [1][]{section.5.1}{\376\377\000M\000o\000t\000i\000v\000a\000t\000i\000o\000n}{chapter.5}% 30
\BOOKMARK [1][]{section.5.2}{\376\377\000S\000c\000h\000\351\000m\000a\000\040\000d\000e\000\040\000c\000o\000m\000m\000a\000n\000d\000e\000\040\000l\000i\000n\000\351\000a\000i\000r\000e\000\040\000p\000r\000o\000p\000o\000r\000t\000i\000o\000n\000n\000e\000l\000\040\000i\000n\000t\000\351\000g\000r\000a\000l}{chapter.5}% 31
\BOOKMARK [1][]{section.5.3}{\376\377\000M\000a\000q\000u\000e\000t\000t\000e\000\040\000e\000x\000p\000\351\000r\000i\000m\000e\000n\000t\000a\000l\000e}{chapter.5}% 32
\BOOKMARK [1][]{section.5.4}{\376\377\000R\000\351\000s\000u\000l\000t\000a\000t\000s}{chapter.5}% 33
\BOOKMARK [0][]{chapter.6}{\376\377\000C\000o\000m\000m\000a\000n\000d\000e\000\040\000p\000r\000o\000p\000o\000r\000t\000i\000o\000n\000n\000e\000l\000l\000e\000\040\000i\000n\000t\000\351\000g\000r\000a\000l\000e\000\040\000d\000'\000u\000n\000\040\000d\000r\000o\000n\000e\000\040\000c\000o\000n\000v\000e\000r\000t\000i\000b\000l\000e\000\040\000\340\000\040\0006\000\040\000d\000e\000g\000r\000\351\000s\000\040\000d\000e\000\040\000l\000i\000b\000e\000r\000t\000\351}{}% 34
\BOOKMARK [1][]{section.6.1}{\376\377\000S\000c\000h\000\351\000m\000a\000\040\000d\000e\000\040\000c\000o\000m\000m\000a\000n\000d\000e\000\040\000l\000i\000n\000\351\000a\000i\000r\000e\000\040\000p\000r\000o\000p\000o\000r\000t\000i\000o\000n\000n\000e\000l\000\040\000i\000n\000t\000\351\000g\000r\000a\000l\000\040\000:\000\040\0006\000\040\000D\000o\000f}{chapter.6}% 35
\BOOKMARK [1][]{section.6.2}{\376\377\000M\000a\000q\000u\000e\000t\000t\000e\000\040\000e\000x\000p\000\351\000r\000i\000m\000e\000n\000t\000a\000l\000e\000\040\000:\000\040\0006\000\040\000D\000o\000f}{chapter.6}% 36
\BOOKMARK [1][]{section.6.3}{\376\377\000R\000\351\000s\000u\000l\000t\000a\000t\000s}{chapter.6}% 37
\BOOKMARK [0][]{chapter.7}{\376\377\000M\000o\000d\000\351\000l\000i\000s\000a\000t\000i\000o\000n\000\040\000d\000'\000u\000n\000\040\000d\000r\000o\000n\000e\000\040\000\340\000\040\000a\000i\000l\000e\000\040\000l\000i\000b\000r\000e\000\040\000r\000o\000t\000a\000t\000i\000o\000n\000\040\000l\000i\000b\000r\000e}{}% 38
\BOOKMARK [1][]{section.7.1}{\376\377\000D\000e\000s\000i\000g\000n\000\040\000e\000t\000\040\000m\000o\000d\000\351\000l\000i\000s\000a\000t\000i\000o\000n\000\040\000d\000'\000u\000n\000\040\000d\000r\000o\000n\000e\000\040\000:\000\040\000C\000o\000l\000i\000b\000r\000i}{chapter.7}% 39
\BOOKMARK [1][]{section.7.2}{\376\377\000E\000s\000t\000i\000m\000a\000t\000i\000o\000n\000\040\000d\000'\000\351\000t\000a\000t}{chapter.7}% 40
\BOOKMARK [0][]{chapter.8}{\376\377\000C\000o\000m\000m\000a\000n\000d\000e\000\040\000d\000'\000u\000n\000\040\000d\000r\000o\000n\000e\000\040\000\340\000\040\000a\000i\000l\000e\000\040\000l\000i\000b\000r\000e\000\040\000r\000o\000t\000a\000t\000i\000o\000n\000\040\000l\000i\000b\000r\000e}{}% 41
\BOOKMARK [1][]{section.8.1}{\376\377\000I\000n\000v\000e\000r\000s\000i\000o\000n\000\040\000n\000o\000n\000\040\000l\000i\000n\000\351\000a\000i\000r\000e\000\040\000i\000n\000c\000r\000\351\000m\000e\000n\000t\000a\000l\000e\000\040\000d\000e\000\040\000l\000a\000\040\000d\000y\000n\000a\000m\000i\000q\000u\000e\000\040\000d\000u\000\040\000d\000r\000o\000n\000e}{chapter.8}% 42
\BOOKMARK [1][]{section.8.2}{\376\377\000C\000o\000m\000m\000a\000n\000d\000e\000\040\000U\000d\000w\000a\000d\000i\000a\000-\000K\000a\000l\000a\000b\000a}{chapter.8}% 43
\BOOKMARK [1][]{section.8.3}{\376\377\000V\000o\000l\000s\000\040\000e\000x\000p\000\351\000r\000i\000m\000e\000n\000t\000a\000u\000x}{chapter.8}% 44
\BOOKMARK [0][]{chapter*.17}{\376\377\000C\000o\000n\000c\000l\000u\000s\000i\000o\000n}{}% 45
\BOOKMARK [0][]{appendix.A}{\376\377\000E\000x\000e\000m\000p\000l\000e\000\040\000d\000'\000a\000n\000n\000e\000x\000e}{}% 46
\BOOKMARK [1][]{section.A.1}{\376\377\000E\000x\000e\000m\000p\000l\000e\000\040\000d\000'\000a\000n\000n\000e\000x\000e}{appendix.A}% 47
\BOOKMARK [0][]{appendix*.18}{\376\377\000B\000i\000b\000l\000i\000o\000g\000r\000a\000p\000h\000i\000e}{}% 48
